<?xml version="1.0" encoding="UTF-8"?>
<testng-results skipped="0" failed="0" ignored="0" total="2" passed="2">
  <reporter-output>
  </reporter-output>
  <suite name="Automation Test" duration-ms="3914" started-at="2021-09-07T20:59:51 EDT" finished-at="2021-09-07T20:59:55 EDT">
    <groups>
    </groups>
    <test name="API Testing" duration-ms="3914" started-at="2021-09-07T20:59:51 EDT" finished-at="2021-09-07T20:59:55 EDT">
      <class name="apitest.SubmitResourceTest">
        <test-method status="PASS" signature="submitTest()[pri:0, instance:apitest.SubmitResourceTest@6b143ee9]" name="submitTest" duration-ms="646" started-at="2021-09-07T20:59:55 EDT" finished-at="2021-09-07T20:59:55 EDT">
          <reporter-output>
          </reporter-output>
        </test-method> <!-- submitTest -->
      </class> <!-- apitest.SubmitResourceTest -->
      <class name="apitest.PeopleResourcesTest">
        <test-method status="PASS" signature="getPeople()[pri:0, instance:apitest.PeopleResourcesTest@15975490]" name="getPeople" duration-ms="3215" started-at="2021-09-07T20:59:51 EDT" finished-at="2021-09-07T20:59:55 EDT">
          <reporter-output>
          </reporter-output>
        </test-method> <!-- getPeople -->
      </class> <!-- apitest.PeopleResourcesTest -->
    </test> <!-- API Testing -->
  </suite> <!-- Automation Test -->
</testng-results>
